[2026-06-15 15:00:39.717] [INFO] === 日志文件已开启: baseline/full_output.log ===
[2026-06-15 15:00:39.733] [INFO] ========== 开始基线录制: peiyi_1_jianyi_seed_42 ==========
[2026-06-15 15:00:39.737] [INFO] 随机种子已固定: 42
[2026-06-15 15:00:40.828] [INFO] [GameRecorder] 开始录制游戏: peiyi_1_jianyi_seed_42 (peiyi=jianyi, seed=42, players=12)
[2026-06-15 15:00:40.828] [INFO] 初始事件数: 6
[2026-06-15 15:00:40.831] [INFO] [GameRecorder] 录制文件已保存: baseline/peiyi_1_jianyi_seed_42.txt (20 条记录)
[2026-06-15 15:00:40.831] [INFO] 随机种子已重置为系统时间
[2026-06-15 15:00:40.831] [INFO] ========== peiyi_1_jianyi_seed_42 录制完成 ==========
[2026-06-15 15:00:40.832] [INFO] ========== 开始基线录制: peiyi_2_tongchang_seed_123 ==========
[2026-06-15 15:00:40.832] [INFO] 随机种子已固定: 123
[2026-06-15 15:00:40.857] [INFO] [GameRecorder] 开始录制游戏: peiyi_2_tongchang_seed_123 (peiyi=tongchang, seed=123, players=16)
[2026-06-15 15:00:40.857] [INFO] 初始事件数: 9
[2026-06-15 15:00:40.859] [INFO] [GameRecorder] 录制文件已保存: baseline/peiyi_2_tongchang_seed_123.txt (23 条记录)
[2026-06-15 15:00:40.859] [INFO] 随机种子已重置为系统时间
[2026-06-15 15:00:40.859] [INFO] ========== peiyi_2_tongchang_seed_123 录制完成 ==========
[2026-06-15 15:00:40.859] [INFO] ========== 开始基线录制: peiyi_3_yaoohu_seed_456 ==========
[2026-06-15 15:00:40.859] [INFO] 随机种子已固定: 456
[2026-06-15 15:00:40.877] [INFO] [GameRecorder] 开始录制游戏: peiyi_3_yaoohu_seed_456 (peiyi=yaoohu, seed=456, players=16)
[2026-06-15 15:00:40.877] [INFO] 初始事件数: 8
[2026-06-15 15:00:40.879] [INFO] [GameRecorder] 录制文件已保存: baseline/peiyi_3_yaoohu_seed_456.txt (22 条记录)
[2026-06-15 15:00:40.879] [INFO] 随机种子已重置为系统时间
[2026-06-15 15:00:40.879] [INFO] ========== peiyi_3_yaoohu_seed_456 录制完成 ==========
[2026-06-15 15:00:40.879] [INFO] ========== 开始基线录制: peiyi_4_kuangxin_seed_789 ==========
[2026-06-15 15:00:40.879] [INFO] 随机种子已固定: 789
[2026-06-15 15:00:40.896] [INFO] [GameRecorder] 开始录制游戏: peiyi_4_kuangxin_seed_789 (peiyi=kuangxin, seed=789, players=17)
[2026-06-15 15:00:40.897] [INFO] 初始事件数: 11
[2026-06-15 15:00:40.898] [INFO] [GameRecorder] 录制文件已保存: baseline/peiyi_4_kuangxin_seed_789.txt (25 条记录)
[2026-06-15 15:00:40.898] [INFO] 随机种子已重置为系统时间
[2026-06-15 15:00:40.898] [INFO] ========== peiyi_4_kuangxin_seed_789 录制完成 ==========
[2026-06-15 15:00:40.898] [INFO] ========== 开始基线录制: peiyi_5_beide_seed_101 ==========
[2026-06-15 15:00:40.899] [INFO] 随机种子已固定: 101
[2026-06-15 15:00:40.912] [INFO] [GameRecorder] 开始录制游戏: peiyi_5_beide_seed_101 (peiyi=beide, seed=101, players=18)
[2026-06-15 15:00:40.912] [INFO] 初始事件数: 8
[2026-06-15 15:00:40.914] [INFO] [GameRecorder] 录制文件已保存: baseline/peiyi_5_beide_seed_101.txt (22 条记录)
[2026-06-15 15:00:40.914] [INFO] 随机种子已重置为系统时间
[2026-06-15 15:00:40.914] [INFO] ========== peiyi_5_beide_seed_101 录制完成 ==========
[2026-06-15 15:00:40.914] [INFO] ========== 开始基线录制: peiyi_6_maoyou_seed_202 ==========
[2026-06-15 15:00:40.914] [INFO] 随机种子已固定: 202
[2026-06-15 15:00:40.928] [INFO] [GameRecorder] 开始录制游戏: peiyi_6_maoyou_seed_202 (peiyi=maoyou, seed=202, players=18)
[2026-06-15 15:00:40.928] [INFO] 初始事件数: 8
[2026-06-15 15:00:40.930] [INFO] [GameRecorder] 录制文件已保存: baseline/peiyi_6_maoyou_seed_202.txt (22 条记录)
[2026-06-15 15:00:40.930] [INFO] 随机种子已重置为系统时间
[2026-06-15 15:00:40.930] [INFO] ========== peiyi_6_maoyou_seed_202 录制完成 ==========
[2026-06-15 15:00:40.930] [INFO] ========== 开始基线录制: peiyi_7_daxing_seed_303 ==========
[2026-06-15 15:00:40.930] [INFO] 随机种子已固定: 303
[2026-06-15 15:00:40.950] [INFO] [GameRecorder] 开始录制游戏: peiyi_7_daxing_seed_303 (peiyi=daxing, seed=303, players=20)
[2026-06-15 15:00:40.950] [INFO] 初始事件数: 11
[2026-06-15 15:00:40.953] [INFO] [GameRecorder] 录制文件已保存: baseline/peiyi_7_daxing_seed_303.txt (25 条记录)
[2026-06-15 15:00:40.953] [INFO] 随机种子已重置为系统时间
[2026-06-15 15:00:40.953] [INFO] ========== peiyi_7_daxing_seed_303 录制完成 ==========
[2026-06-15 15:00:40.953] [INFO] === 日志文件已关闭 ===
